This is pdfTeX, Version 3.141592653-2.6-1.40.24 (TeX Live 2022) (preloaded format=latex 2023.2.27)  13 MAR 2024 12:54
entering extended mode
 restricted \write18 enabled.
 %&-line parsing enabled.
**\makeatletter\def\HCode{\futurelet\HCode\HChar}\def\HChar{\ifx\HCode\def\HCod
e##1{\Link##1}\expandafter\HCode\else\expandafter\Link\fi}\def\Link#1.a.b.c.{\g
@addto@macro\@documentclasshook{\RequirePackage[#1,html]{tex4ht}}\let\HCode\doc
umentstyle\def\documentstyle{\let\documentstyle\HCode\expandafter\def\csname te
x4ht\endcsname{#1,html}\def\HCode####1{\documentstyle[tex4ht,}\@ifnextchar[{\HC
ode}{\documentstyle[tex4ht]}}}\makeatother\HCode .a.b.c.\input  main.tex
 (./main.tex
(c:/texlive/2022/texmf-dist/tex/latex/base/article.cls
Document Class: article 2022/07/02 v1.4n Standard LaTeX document class
(c:/texlive/2022/texmf-dist/tex/latex/base/size10.clo
File: size10.clo 2022/07/02 v1.4n Standard LaTeX file (size option)
)
\c@part=\count185
\c@section=\count186
\c@subsection=\count187
\c@subsubsection=\count188
\c@paragraph=\count189
\c@subparagraph=\count190
\c@figure=\count191
\c@table=\count192
\abovecaptionskip=\skip48
\belowcaptionskip=\skip49
\bibindent=\dimen140
)
(c:/texlive/2022/texmf-dist/tex/generic/tex4ht/tex4ht.sty
version 2023-02-03-14:48
Package: tex4ht 
--------------------------------------
--- Note --- for _ at preamble, use the command line option `early_'
--------------------------------------
--------------------------------------
--- Note --- for ^ at preamble, use the command line option `early^'
--------------------------------------
\tmp:toks=\toks16
)
(c:/texlive/2022/texmf-dist/tex/generic/tex4ht/usepackage.4ht
version 2023-01-12-14:08
)
(c:/texlive/2022/texmf-dist/tex/latex/graphics/graphicx.sty
Package: graphicx 2021/09/16 v1.2d Enhanced LaTeX Graphics (DPC,SPQR)

(c:/texlive/2022/texmf-dist/tex/latex/graphics/keyval.sty
Package: keyval 2022/05/29 v1.15 key=value parser (DPC)
\KV@toks@=\toks17
)
(c:/texlive/2022/texmf-dist/tex/generic/tex4ht/graphics-hooks.4ht
version 2022-08-17-14:25
)
(c:/texlive/2022/texmf-dist/tex/latex/graphics/graphics.sty
Package: graphics 2022/03/10 v1.4e Standard LaTeX Graphics (DPC,SPQR)

(c:/texlive/2022/texmf-dist/tex/latex/graphics/trig.sty
Package: trig 2021/08/11 v1.11 sin cos tan (DPC)
)
(c:/texlive/2022/texmf-dist/tex/latex/graphics-cfg/graphics.cfg
File: graphics.cfg 2016/06/04 v1.11 sample graphics configuration
)
Package graphics Info: Driver file: dvips.def on input line 107.

(c:/texlive/2022/texmf-dist/tex/latex/graphics-def/dvips.def
File: dvips.def 2022/09/22 v3.1e Graphics/color driver for dvips
))
\Gin@req@height=\dimen141
\Gin@req@width=\dimen142
)
(c:/texlive/2022/texmf-dist/tex/latex/caption/subcaption.sty
Package: subcaption 2022/01/07 v1.5 Sub-captions (AR)

(c:/texlive/2022/texmf-dist/tex/generic/tex4ht/caption-hooks.4ht
version 2022-11-20-07:09
)
(c:/texlive/2022/texmf-dist/tex/latex/caption/caption.sty
Package: caption 2022/03/01 v3.6b Customizing captions (AR)

(c:/texlive/2022/texmf-dist/tex/latex/caption/caption3.sty
Package: caption3 2022/03/17 v2.3b caption3 kernel (AR)
\caption@tempdima=\dimen143
\captionmargin=\dimen144
\caption@leftmargin=\dimen145
\caption@rightmargin=\dimen146
\caption@width=\dimen147
\caption@indent=\dimen148
\caption@parindent=\dimen149
\caption@hangindent=\dimen150
Package caption Info: Standard document class detected.
)
\c@caption@flags=\count193
\c@continuedfloat=\count194
)
\c@subfigure=\count195
\c@subtable=\count196
)
(c:/texlive/2022/texmf-dist/tex/latex/multirow/multirow.sty
Package: multirow 2021/03/15 v2.8 Span multiple rows of a table
\multirow@colwidth=\skip50
\multirow@cntb=\count197
\multirow@dima=\skip51
\bigstrutjot=\dimen151
)
(c:/texlive/2022/texmf-dist/tex/latex/amsmath/amsmath.sty
Package: amsmath 2022/04/08 v2.17n AMS math features
\@mathmargin=\skip52

For additional information on amsmath, use the `?' option.
(c:/texlive/2022/texmf-dist/tex/latex/amsmath/amstext.sty
Package: amstext 2021/08/26 v2.01 AMS text

(c:/texlive/2022/texmf-dist/tex/latex/amsmath/amsgen.sty
File: amsgen.sty 1999/11/30 v2.0 generic functions
\@emptytoks=\toks18
\ex@=\dimen152
))
(c:/texlive/2022/texmf-dist/tex/latex/amsmath/amsbsy.sty
Package: amsbsy 1999/11/29 v1.2d Bold Symbols
\pmbraise@=\dimen153
)
(c:/texlive/2022/texmf-dist/tex/latex/amsmath/amsopn.sty
Package: amsopn 2022/04/08 v2.04 operator names
)
\inf@bad=\count198
LaTeX Info: Redefining \frac on input line 234.
\uproot@=\count199
\leftroot@=\count266
LaTeX Info: Redefining \overline on input line 399.
LaTeX Info: Redefining \colon on input line 410.
\classnum@=\count267
\DOTSCASE@=\count268
LaTeX Info: Redefining \ldots on input line 496.
LaTeX Info: Redefining \dots on input line 499.
LaTeX Info: Redefining \cdots on input line 620.
\Mathstrutbox@=\box51
\strutbox@=\box52
LaTeX Info: Redefining \big on input line 722.
LaTeX Info: Redefining \Big on input line 723.
LaTeX Info: Redefining \bigg on input line 724.
LaTeX Info: Redefining \Bigg on input line 725.
\big@size=\dimen154
LaTeX Font Info:    Redeclaring font encoding OML on input line 743.
LaTeX Font Info:    Redeclaring font encoding OMS on input line 744.
\macc@depth=\count269
LaTeX Info: Redefining \bmod on input line 905.
LaTeX Info: Redefining \pmod on input line 910.
LaTeX Info: Redefining \smash on input line 940.
LaTeX Info: Redefining \relbar on input line 970.
LaTeX Info: Redefining \Relbar on input line 971.
\c@MaxMatrixCols=\count270
\dotsspace@=\muskip16
\c@parentequation=\count271
\dspbrk@lvl=\count272
\tag@help=\toks19
\row@=\count273
\column@=\count274
\maxfields@=\count275
\andhelp@=\toks20
\eqnshift@=\dimen155
\alignsep@=\dimen156
\tagshift@=\dimen157
\tagwidth@=\dimen158
\totwidth@=\dimen159
\lineht@=\dimen160
\@envbody=\toks21
\multlinegap=\skip53
\multlinetaggap=\skip54
\mathdisplay@stack=\toks22
LaTeX Info: Redefining \[ on input line 2953.
LaTeX Info: Redefining \] on input line 2954.
)
(c:/texlive/2022/texmf-dist/tex/latex/placeins/placeins.sty
Package: placeins 2005/04/18  v 2.2
)
(c:/texlive/2022/texmf-dist/tex/generic/tex4ht/tex4ht.4ht
version 2022-07-05-14:37
--------------------------------------
--- Note --- for additional information, use the command line option `info'
--------------------------------------

::::::::::::::::::::::::::::::::::::::::::
 TeX4ht info is available in the log file 
::::::::::::::::::::::::::::::::::::::::::
) (c:/texlive/2022/texmf-dist/tex/generic/tex4ht/tex4ht.sty
version 2023-02-03-14:48

l.864 --- TeX4ht warning --- nonprimitive \everypar ---
--- needs --- tex4ht main ---
\tmp:cnt=\count276
\openout15 = `main.tmp'.

(./main.tmp)
\tmp:dim=\skip55
--------------------------------------
--- Note --- for XML code, use the command line option `xml' or `xhtml'
--------------------------------------
 (./main.xref)
\:refout=\write3
\openout3 = `main.xref'.


(c:/texlive/2022/texmf-dist/tex/generic/tex4ht/html4.4ht
version 2023-02-03-14:50
--------------------------------------
--- Note --- to remove the <?xml version=...?> processing instruction use the c
ommand line option `no-VERSION'
--------------------------------------
--------------------------------------
--- Note --- to remove the DOCTYPE declaration use the command line option `no-
DOCTYPE'
--------------------------------------
)
(c:/texlive/2022/texmf-dist/tex/generic/tex4ht/html4-math.4ht
version 2022-10-25-13:59
)
--------------------------------------
--- Note --- for marking of the base font, use the command line option `fonts+'

--------------------------------------
--------------------------------------
--- Note --- for non active _, use the command line option `no_'
--------------------------------------
--------------------------------------
--- Note --- for _ of catcode 13, use the command line option `_13'
--------------------------------------
--------------------------------------
--- Note --- for non active ^, use the command line option `no^'
--------------------------------------
--------------------------------------
--- Note --- for ^ of catcode 13, use the command line option `^13'
--------------------------------------

(c:/texlive/2022/texmf-dist/tex/generic/tex4ht/html4.4ht
version 2023-02-03-14:50
--------------------------------------
--- Note --- for alternative charset, use the command line option `charset=...'

--------------------------------------
--------------------------------------
--- Note --- to ignore CSS font decoration, use the `NoFonts' command line opti
on
--------------------------------------
--------------------------------------
--- Note --- for jpg bitmaps of pictures, use the `jpg' command line option. (C
haracter bitmaps are controled only by `g' records of tex4ht.env and `-g' switc
hes of tex4ht.c) 
--------------------------------------
--------------------------------------
--- Note --- for gif bitmaps of pictures, use the `gif' command line option. (C
haracter bitmaps are controled only by `g' records of tex4ht.env and `-g' switc
hes of tex4ht.c) 
--------------------------------------
--------------------------------------
--- Note --- for content and toc in 2 frames, use the command line option `fram
es'
--------------------------------------
--------------------------------------
--- Note --- for content, toc, and footnotes in 3 frames, use the command line 
option `frames-fn'
--------------------------------------
--------------------------------------
--- Note --- for file extension name xht, use the command line option `xht'
--------------------------------------
TeX4ht package options: html
--------------------------------------
--- Note --- To print a timestamp, use the command line option timestamp
--------------------------------------
--------------------------------------
--- Note --- to ignore CSS code, use the command line option `-css
--------------------------------------
--------------------------------------
--- Note --- for inline CSS code, use the command line option `css-in'
--------------------------------------
--------------------------------------
--- Note --- for pop ups on mouse over, use the command line option `mouseover'

--------------------------------------
--------------------------------------
--- Note --- for addressing images in a subdirectory, use the command line opti
on `imgdir:.../'
--------------------------------------
)
(c:/texlive/2022/texmf-dist/tex/generic/tex4ht/html4-math.4ht
version 2022-10-25-13:59
)
\:tokwrite=\toks23
\:tokpage=\toks24
--------------------------------------
--- Note --- for back links to toc, use the command line option `sections+'
--------------------------------------
--------------------------------------
--- Note --- for linear crosslinks of pages, use the command line option `next'

--------------------------------------
\openout15 = `main.4ct'.

\:tocout=\write4
\openout4 = `main.4tc'.

 (main.4tc)
(c:/texlive/2022/texmf-dist/tex/generic/tex4ht/html4.4ht
version 2023-02-03-14:50
)
(c:/texlive/2022/texmf-dist/tex/generic/tex4ht/html4-math.4ht
version 2022-10-25-13:59
)
(c:/texlive/2022/texmf-dist/tex/generic/tex4ht/latex.4ht
version 2022-12-26-13:00
LaTeX Info: Redefining \_ on input line 177.
LaTeX Info: Redefining \begin on input line 595.
LaTeX Info: Redefining \end on input line 643.
LaTeX Info: Redefining \, on input line 805.
LaTeX Info: Redefining \; on input line 806.
LaTeX Info: Redefining \! on input line 807.
LaTeX Info: Redefining \: on input line 808.
LaTeX Info: Redefining \> on input line 809.
--------------------------------------
--- Note --- for links into captions, instead of float heads, use the command l
ine option `refcaption'
--------------------------------------

(c:/texlive/2022/texmf-dist/tex/generic/tex4ht/html4.4ht
version 2023-02-03-14:50
)
(c:/texlive/2022/texmf-dist/tex/generic/tex4ht/html4-math.4ht
version 2022-10-25-13:59
)
(c:/texlive/2022/texmf-dist/tex/generic/tex4ht/html4.4ht
version 2023-02-03-14:50
--------------------------------------
--- Note --- For mini tocs immediately aftter the header use the command line o
ption `minitoc<'
--------------------------------------
--------------------------------------
--- Note --- for enumerated list elements with valued data, use the command lin
e option `enumerate+'
--------------------------------------
--------------------------------------
--- Note --- for enumerated list elements li's with value attributes, use the c
ommand line option `enumerate-'
--------------------------------------
--------------------------------------
--- Note --- for CSS2 code, use the command line option `css2'
--------------------------------------
--------------------------------------
--- Note --- for pictorial tabular, use the command line option `pic-tabular'
--------------------------------------
--------------------------------------
--- Note --- for bitmap fbox'es, use the command line option `pic-fbox'
--------------------------------------
--------------------------------------
--- Note --- for bitmap framebox'es, use the command line option `pic-framebox'

--------------------------------------
--------------------------------------
--- Note --- for inline footnotes use command line option `fn-in'
--------------------------------------
--------------------------------------
--- Note --- for tracing of latex font commands, use the command line option `f
onts'
--------------------------------------
--------------------------------------
--- Note --- for width specifications of tabular p entries, use the `p-width' c
ommand line option or a configuration similar to \Configure{HColWidth}{\HCode{ 
style="width:\HColWidth"}}
--------------------------------------
)
(c:/texlive/2022/texmf-dist/tex/generic/tex4ht/html4-math.4ht
version 2022-10-25-13:59
--------------------------------------
--- Note --- for pictorial eqnarray, use the command line option `pic-eqnarray'

--------------------------------------
--------------------------------------
--- Note --- for pictorial array, use the command line option `pic-array'
--------------------------------------
--------------------------------------
--- Note --- for pictorial $...$ environments, use the command line option `pic
-m' (not recommended!!)
--------------------------------------
--------------------------------------
--- Note --- for pictorial $...$ and $$...$$ environments with latex alt, use t
he command line option `pic-m+' (not safe!!)
--------------------------------------
--------------------------------------
--- Note --- for pictorial array, use the command line option `pic-array'
--------------------------------------
))
(c:/texlive/2022/texmf-dist/tex/generic/tex4ht/fontmath.4ht
version 2022-10-25-13:59

(c:/texlive/2022/texmf-dist/tex/generic/tex4ht/html4.4ht
version 2023-02-03-14:50
)
(c:/texlive/2022/texmf-dist/tex/generic/tex4ht/html4-math.4ht
version 2022-10-25-13:59
))
(c:/texlive/2022/texmf-dist/tex/generic/tex4ht/article.4ht
version 2023-02-25-15:08

(c:/texlive/2022/texmf-dist/tex/generic/tex4ht/html4.4ht
version 2023-02-03-14:50
--------------------------------------
--- Note --- for automatic sectioning pagination, use the command line option `
1', `2', `3', '4', '5', '6', or '7'
--------------------------------------
--------------------------------------
--- Note --- for files named derived from section titles, use the command line 
option `sec-filename'
--------------------------------------
--------------------------------------
--- Note --- for i-columns index, use the command line option `index=i' (e.g., 
index=2)
--------------------------------------
)
(c:/texlive/2022/texmf-dist/tex/generic/tex4ht/html4-math.4ht
version 2022-10-25-13:59
))
(c:/texlive/2022/texmf-dist/tex/generic/tex4ht/graphicx.4ht
version 2022-01-12-13:53

(c:/texlive/2022/texmf-dist/tex/generic/tex4ht/html4.4ht
version 2023-02-03-14:50
)
(c:/texlive/2022/texmf-dist/tex/generic/tex4ht/html4-math.4ht
version 2022-10-25-13:59
))
(c:/texlive/2022/texmf-dist/tex/generic/tex4ht/graphics.4ht
version 2022-03-20-14:29

(c:/texlive/2022/texmf-dist/tex/generic/tex4ht/html4.4ht
version 2023-02-03-14:50
--------------------------------------
--- Note --- if included graphics are of degraded quality, try the command line
 options `graphics-num' or `graphics-'. The `num' should provide the density of
 pixels in the bitmaps (e.g., 110). 
--------------------------------------
--------------------------------------
--- Note --- for setting image dimensions, try the option `Gin-dim'; to use per
cents instead of units, use `Gin-perecent'; for key dimensions when bounding bo
x is unavailable try `Gin-dim+'; neither is recommended
--------------------------------------
)
(c:/texlive/2022/texmf-dist/tex/generic/tex4ht/html4-math.4ht
version 2022-10-25-13:59
))
(c:/texlive/2022/texmf-dist/tex/generic/tex4ht/dvips.4ht
version 2009-05-21-09:32

(c:/texlive/2022/texmf-dist/tex/generic/tex4ht/html4.4ht
version 2023-02-03-14:50
)
(c:/texlive/2022/texmf-dist/tex/generic/tex4ht/html4-math.4ht
version 2022-10-25-13:59
))
(c:/texlive/2022/texmf-dist/tex/generic/tex4ht/subcaption.4ht
version 2021-07-04-09:13

(c:/texlive/2022/texmf-dist/tex/generic/tex4ht/html4.4ht
version 2023-02-03-14:50
)
(c:/texlive/2022/texmf-dist/tex/generic/tex4ht/html4-math.4ht
version 2022-10-25-13:59
))
(c:/texlive/2022/texmf-dist/tex/generic/tex4ht/caption.4ht
version 2022-11-22-14:29

(c:/texlive/2022/texmf-dist/tex/generic/tex4ht/html4.4ht
version 2023-02-03-14:50
)
(c:/texlive/2022/texmf-dist/tex/generic/tex4ht/html4-math.4ht
version 2022-10-25-13:59
))
(c:/texlive/2022/texmf-dist/tex/generic/tex4ht/multirow.4ht
version 2021-06-20-09:36

(c:/texlive/2022/texmf-dist/tex/generic/tex4ht/html4.4ht
version 2023-02-03-14:50
)
(c:/texlive/2022/texmf-dist/tex/generic/tex4ht/html4-math.4ht
version 2022-10-25-13:59
))
(c:/texlive/2022/texmf-dist/tex/generic/tex4ht/amsmath.4ht
version 2019-12-29-14:17
\tmp:muskip=\muskip17

(c:/texlive/2022/texmf-dist/tex/generic/tex4ht/html4.4ht
version 2023-02-03-14:50
)
(c:/texlive/2022/texmf-dist/tex/generic/tex4ht/html4-math.4ht
version 2022-10-25-13:59
LaTeX Info: Redefining \[ on input line 507.
LaTeX Info: Redefining \] on input line 507.
))
(c:/texlive/2022/texmf-dist/tex/generic/tex4ht/amstext.4ht
version 2009-05-21-09:32

(c:/texlive/2022/texmf-dist/tex/generic/tex4ht/html4.4ht
version 2023-02-03-14:50
)
(c:/texlive/2022/texmf-dist/tex/generic/tex4ht/html4-math.4ht
version 2022-10-25-13:59
))
(c:/texlive/2022/texmf-dist/tex/generic/tex4ht/amsbsy.4ht
version 2009-05-21-09:32

(c:/texlive/2022/texmf-dist/tex/generic/tex4ht/html4.4ht
version 2023-02-03-14:50
)
(c:/texlive/2022/texmf-dist/tex/generic/tex4ht/html4-math.4ht
version 2022-10-25-13:59
))
(c:/texlive/2022/texmf-dist/tex/generic/tex4ht/amsopn.4ht
version 2009-05-21-09:32

(c:/texlive/2022/texmf-dist/tex/generic/tex4ht/html4.4ht
version 2023-02-03-14:50
)
(c:/texlive/2022/texmf-dist/tex/generic/tex4ht/html4-math.4ht
version 2022-10-25-13:59
))
(c:/texlive/2022/texmf-dist/tex/generic/tex4ht/html4.4ht
version 2023-02-03-14:50
)
(c:/texlive/2022/texmf-dist/tex/generic/tex4ht/html4-math.4ht
version 2022-10-25-13:59
))
(c:/texlive/2022/texmf-dist/tex/latex/l3backend/l3backend-dvips.def
File: l3backend-dvips.def 2023-01-16 L3 backend support: dvips
\l__pdf_internal_box=\box53
\g__pdf_backend_object_int=\count277
\l__pdf_backend_content_box=\box54
\l__pdf_backend_model_box=\box55
\g__pdf_backend_annotation_int=\count278
\g__pdf_backend_link_int=\count279
\g__pdf_backend_link_sf_int=\count280
)
(./main.aux)
\openout1 = `main.aux'.

LaTeX Font Info:    Checking defaults for OML/cmm/m/it on input line 12.
LaTeX Font Info:    ... okay on input line 12.
LaTeX Font Info:    Checking defaults for OMS/cmsy/m/n on input line 12.
LaTeX Font Info:    ... okay on input line 12.
LaTeX Font Info:    Checking defaults for OT1/cmr/m/n on input line 12.
LaTeX Font Info:    ... okay on input line 12.
LaTeX Font Info:    Checking defaults for T1/cmr/m/n on input line 12.
LaTeX Font Info:    ... okay on input line 12.
LaTeX Font Info:    Checking defaults for TS1/cmr/m/n on input line 12.
LaTeX Font Info:    ... okay on input line 12.
LaTeX Font Info:    Checking defaults for OMX/cmex/m/n on input line 12.
LaTeX Font Info:    ... okay on input line 12.
LaTeX Font Info:    Checking defaults for U/cmr/m/n on input line 12.
LaTeX Font Info:    ... okay on input line 12.
Package caption Info: Begin \AtBeginDocument code.
Package caption Info: End \AtBeginDocument code.
--- file main.css ---
 [1

] [2]
l.20 --- TeX4ht warning --- File `"Task 1/i2c.xbb"' not found ---
l.20 --- TeX4ht warning --- Cannot determine size of graphic in "Task 1/i2c.xbb
" (no BoundingBox) ---
l. 20 --- needs --- Task 1/i2c.png ---
l. 23 Writing main.idv[1] (main0x.png)
[3]
l. 33 Writing main.idv[2] (main1x.png)
l. 35 Writing main.idv[3] (main2x.png)
 [4]
l. 37 Writing main.idv[4] (main3x.png)
l. 52 Writing main.idv[5] (main4x.png)
l. 54 Writing main.idv[6] (main5x.png)
 [5]
l. 55 Writing main.idv[7] (main6x.png)
l. 56 Writing main.idv[8] (main7x.png)

l.60 --- TeX4ht warning --- File `"Task 1/CBempty.xbb"' not found ---
l.60 --- TeX4ht warning --- Cannot determine size of graphic in "Task 1/CBempty
.xbb" (no BoundingBox) ---
l. 60 --- needs --- Task 1/CBempty.png ---
l.61 --- TeX4ht warning --- File `"Task 1/cow.xbb"' not found ---
l.61 --- TeX4ht warning --- Cannot determine size of graphic in "Task 1/cow.xbb
" (no BoundingBox) ---
l. 61 --- needs --- Task 1/cow.png ---
[6] [7]
l.78 --- TeX4ht warning --- File `"task2/CBlucy.xbb"' not found ---
l.78 --- TeX4ht warning --- Cannot determine size of graphic in "task2/CBlucy.x
bb" (no BoundingBox) ---
l. 78 --- needs --- task2/CBlucy.png ---
l.79 --- TeX4ht warning --- File `"task2/maxplanck.xbb"' not found ---
l.79 --- TeX4ht warning --- Cannot determine size of graphic in "task2/maxplanc
k.xbb" (no BoundingBox) ---
l. 79 --- needs --- task2/maxplanck.png ---
[8]
l. 121 Writing main.idv[9] (main8x.png)
 [9] [10

]
l.132 --- TeX4ht warning --- File `"task3/CBbunny_1_1_h.xbb"' not found ---
l.132 --- TeX4ht warning --- Cannot determine size of graphic in "task3/CBbunny
_1_1_h.xbb" (no BoundingBox) ---
l. 132 --- needs --- task3/CBbunny_1_1_h.png ---
l.137 --- TeX4ht warning --- File `"task3/CBbunny_1_1.xbb"' not found ---
l.137 --- TeX4ht warning --- Cannot determine size of graphic in "task3/CBbunny
_1_1.xbb" (no BoundingBox) ---
l. 137 --- needs --- task3/CBbunny_1_1.png ---
[11

]

! LaTeX Error: There's no line here to end.

See the LaTeX manual or LaTeX Companion for explanation.
Type  H <return>  for immediate help.
 ...                                              
                                                  
l.144 \begin
            {figure}
? 
[12

] [13

]
l.146 --- TeX4ht warning --- File `"task3/CBbunny_1_4_h.xbb"' not found ---
l.146 --- TeX4ht warning --- Cannot determine size of graphic in "task3/CBbunny
_1_4_h.xbb" (no BoundingBox) ---
l. 146 --- needs --- task3/CBbunny_1_4_h.png ---
l.151 --- TeX4ht warning --- File `"task3/CBbunny_1_4.xbb"' not found ---
l.151 --- TeX4ht warning --- Cannot determine size of graphic in "task3/CBbunny
_1_4.xbb" (no BoundingBox) ---
l. 151 --- needs --- task3/CBbunny_1_4.png ---
[14

] [15

] [16

]
l.159 --- TeX4ht warning --- File `"task3/CBbunny_1_16_h.xbb"' not found ---
l.159 --- TeX4ht warning --- Cannot determine size of graphic in "task3/CBbunny
_1_16_h.xbb" (no BoundingBox) ---
l. 159 --- needs --- task3/CBbunny_1_16_h.png ---
l.164 --- TeX4ht warning --- File `"task3/CBbunny_1_16.xbb"' not found ---
l.164 --- TeX4ht warning --- Cannot determine size of graphic in "task3/CBbunny
_1_16.xbb" (no BoundingBox) ---
l. 164 --- needs --- task3/CBbunny_1_16.png ---
[17

] [18

] [19

]
l.172 --- TeX4ht warning --- File `"task3/CBbunny_1_64_h.xbb"' not found ---
l.172 --- TeX4ht warning --- Cannot determine size of graphic in "task3/CBbunny
_1_64_h.xbb" (no BoundingBox) ---
l. 172 --- needs --- task3/CBbunny_1_64_h.png ---
l.177 --- TeX4ht warning --- File `"task3/CBbunny_1_64.xbb"' not found ---
l.177 --- TeX4ht warning --- Cannot determine size of graphic in "task3/CBbunny
_1_64.xbb" (no BoundingBox) ---
l. 177 --- needs --- task3/CBbunny_1_64.png ---
[20

] [21

]
l. 187 Writing main.idv[10] (main9x.png)
l. 189 Writing main.idv[11] (main10x.png)
 [22] [23

]
l.193 --- TeX4ht warning --- File `"task4/dragon_direct.xbb"' not found ---
l.193 --- TeX4ht warning --- Cannot determine size of graphic in "task4/dragon_
direct.xbb" (no BoundingBox) ---
l. 193 --- needs --- task4/dragon_direct.png ---
l.198 --- TeX4ht warning --- File `"task4/dragon.xbb"' not found ---
l.198 --- TeX4ht warning --- Cannot determine size of graphic in "task4/dragon.
xbb" (no BoundingBox) ---
l. 198 --- needs --- task4/dragon.png ---
[24

] [25

] [26

]
l.206 --- TeX4ht warning --- File `"task4/wall-e_direct.xbb"' not found ---
l.206 --- TeX4ht warning --- Cannot determine size of graphic in "task4/wall-e_
direct.xbb" (no BoundingBox) ---
l. 206 --- needs --- task4/wall-e_direct.png ---
l.211 --- TeX4ht warning --- File `"task4/wall-e.xbb"' not found ---
l.211 --- TeX4ht warning --- Cannot determine size of graphic in "task4/wall-e.
xbb" (no BoundingBox) ---
l. 211 --- needs --- task4/wall-e.png ---
[27

] [28

] [29

]
l.220 --- TeX4ht warning --- File `"task4/dragon_direct.xbb"' not found ---
l.220 --- TeX4ht warning --- Cannot determine size of graphic in "task4/dragon_
direct.xbb" (no BoundingBox) ---
l. 220 --- needs --- task4/dragon_direct.png ---
l.225 --- TeX4ht warning --- File `"task4/dragon_indirect.xbb"' not found ---
l.225 --- TeX4ht warning --- Cannot determine size of graphic in "task4/dragon_
indirect.xbb" (no BoundingBox) ---
l. 225 --- needs --- task4/dragon_indirect.png ---
[30

] [31

] [32

]
l.234 --- TeX4ht warning --- File `"task4/CBbunny_global_1024_0.xbb"' not found
 ---
l.234 --- TeX4ht warning --- Cannot determine size of graphic in "task4/CBbunny
_global_1024_0.xbb" (no BoundingBox) ---
l. 234 --- needs --- task4/CBbunny_global_1024_0.png ---
l.239 --- TeX4ht warning --- File `"task4/CBbunny_indirect_1024_0.xbb"' not fou
nd ---
l.239 --- TeX4ht warning --- Cannot determine size of graphic in "task4/CBbunny
_indirect_1024_0.xbb" (no BoundingBox) ---
l. 239 --- needs --- task4/CBbunny_indirect_1024_0.png ---
[33

] [34

] [35

]
l.247 --- TeX4ht warning --- File `"task4/CBbunny_global_1024_1.xbb"' not found
 ---
l.247 --- TeX4ht warning --- Cannot determine size of graphic in "task4/CBbunny
_global_1024_1.xbb" (no BoundingBox) ---
l. 247 --- needs --- task4/CBbunny_global_1024_1.png ---
l.252 --- TeX4ht warning --- File `"task4/CBbunny_indirect_1024_1.xbb"' not fou
nd ---
l.252 --- TeX4ht warning --- Cannot determine size of graphic in "task4/CBbunny
_indirect_1024_1.xbb" (no BoundingBox) ---
l. 252 --- needs --- task4/CBbunny_indirect_1024_1.png ---
[36

] [37

] [38

]
l.261 --- TeX4ht warning --- File `"task4/CBbunny_global_1024_2.xbb"' not found
 ---
l.261 --- TeX4ht warning --- Cannot determine size of graphic in "task4/CBbunny
_global_1024_2.xbb" (no BoundingBox) ---
l. 261 --- needs --- task4/CBbunny_global_1024_2.png ---
l.266 --- TeX4ht warning --- File `"task4/CBbunny_indirect_1024_2.xbb"' not fou
nd ---
l.266 --- TeX4ht warning --- Cannot determine size of graphic in "task4/CBbunny
_indirect_1024_2.xbb" (no BoundingBox) ---
l. 266 --- needs --- task4/CBbunny_indirect_1024_2.png ---
[39

] [40

] [41

]
l.275 --- TeX4ht warning --- File `"task4/CBbunny_global_1024_3.xbb"' not found
 ---
l.275 --- TeX4ht warning --- Cannot determine size of graphic in "task4/CBbunny
_global_1024_3.xbb" (no BoundingBox) ---
l. 275 --- needs --- task4/CBbunny_global_1024_3.png ---
l.280 --- TeX4ht warning --- File `"task4/CBbunny_indirect_1024_3.xbb"' not fou
nd ---
l.280 --- TeX4ht warning --- Cannot determine size of graphic in "task4/CBbunny
_indirect_1024_3.xbb" (no BoundingBox) ---
l. 280 --- needs --- task4/CBbunny_indirect_1024_3.png ---
[42

] [43

] [44

]
l.289 --- TeX4ht warning --- File `"task4/CBbunny_global_1024_4.xbb"' not found
 ---
l.289 --- TeX4ht warning --- Cannot determine size of graphic in "task4/CBbunny
_global_1024_4.xbb" (no BoundingBox) ---
l. 289 --- needs --- task4/CBbunny_global_1024_4.png ---
l.294 --- TeX4ht warning --- File `"task4/CBbunny_indirect_1024_4.xbb"' not fou
nd ---
l.294 --- TeX4ht warning --- Cannot determine size of graphic in "task4/CBbunny
_indirect_1024_4.xbb" (no BoundingBox) ---
l. 294 --- needs --- task4/CBbunny_indirect_1024_4.png ---
[45

] [46

] [47

]
l.303 --- TeX4ht warning --- File `"task4/CBbunny_global_1024_5.xbb"' not found
 ---
l.303 --- TeX4ht warning --- Cannot determine size of graphic in "task4/CBbunny
_global_1024_5.xbb" (no BoundingBox) ---
l. 303 --- needs --- task4/CBbunny_global_1024_5.png ---
l.308 --- TeX4ht warning --- File `"task4/CBbunny_indirect_1024_5.xbb"' not fou
nd ---
l.308 --- TeX4ht warning --- Cannot determine size of graphic in "task4/CBbunny
_indirect_1024_5.xbb" (no BoundingBox) ---
l. 308 --- needs --- task4/CBbunny_indirect_1024_5.png ---
[48

]
l.319 --- TeX4ht warning --- File `"task4/CBbunny_global_1024_0.xbb"' not found
 ---
l.319 --- TeX4ht warning --- Cannot determine size of graphic in "task4/CBbunny
_global_1024_0.xbb" (no BoundingBox) ---
l. 319 --- needs --- task4/CBbunny_global_1024_0.png ---
l.320 --- TeX4ht warning --- File `"task4/CBbunny_global_1024_1.xbb"' not found
 ---
l.320 --- TeX4ht warning --- Cannot determine size of graphic in "task4/CBbunny
_global_1024_1.xbb" (no BoundingBox) ---
l. 320 --- needs --- task4/CBbunny_global_1024_1.png ---
l.321 --- TeX4ht warning --- File `"task4/CBbunny_global_1024_2.xbb"' not found
 ---
l.321 --- TeX4ht warning --- Cannot determine size of graphic in "task4/CBbunny
_global_1024_2.xbb" (no BoundingBox) ---
l. 321 --- needs --- task4/CBbunny_global_1024_2.png ---
l.322 --- TeX4ht warning --- File `"task4/CBbunny_global_1024_3.xbb"' not found
 ---
l.322 --- TeX4ht warning --- Cannot determine size of graphic in "task4/CBbunny
_global_1024_3.xbb" (no BoundingBox) ---
l. 322 --- needs --- task4/CBbunny_global_1024_3.png ---
l.323 --- TeX4ht warning --- File `"task4/CBbunny_global_1024_4.xbb"' not found
 ---
l.323 --- TeX4ht warning --- Cannot determine size of graphic in "task4/CBbunny
_global_1024_4.xbb" (no BoundingBox) ---
l. 323 --- needs --- task4/CBbunny_global_1024_4.png ---
l.324 --- TeX4ht warning --- File `"task4/CBbunny_global_1024_rr_100.xbb"' not 
found ---
l.324 --- TeX4ht warning --- Cannot determine size of graphic in "task4/CBbunny
_global_1024_rr_100.xbb" (no BoundingBox) ---
l. 324 --- needs --- task4/CBbunny_global_1024_rr_100.png ---
l.328 --- TeX4ht warning --- File `"task4/spheres_1_4.xbb"' not found ---
l.328 --- TeX4ht warning --- Cannot determine size of graphic in "task4/spheres
_1_4.xbb" (no BoundingBox) ---
l. 328 --- needs --- task4/spheres_1_4.png ---
l.329 --- TeX4ht warning --- File `"task4/spheres_2_4.xbb"' not found ---
l.329 --- TeX4ht warning --- Cannot determine size of graphic in "task4/spheres
_2_4.xbb" (no BoundingBox) ---
l. 329 --- needs --- task4/spheres_2_4.png ---
l.330 --- TeX4ht warning --- File `"task4/spheres_4_4.xbb"' not found ---
l.330 --- TeX4ht warning --- Cannot determine size of graphic in "task4/spheres
_4_4.xbb" (no BoundingBox) ---
l. 330 --- needs --- task4/spheres_4_4.png ---
l.331 --- TeX4ht warning --- File `"task4/spheres_8_4.xbb"' not found ---
l.331 --- TeX4ht warning --- Cannot determine size of graphic in "task4/spheres
_8_4.xbb" (no BoundingBox) ---
l. 331 --- needs --- task4/spheres_8_4.png ---
l.332 --- TeX4ht warning --- File `"task4/spheres_16_4.xbb"' not found ---
l.332 --- TeX4ht warning --- Cannot determine size of graphic in "task4/spheres
_16_4.xbb" (no BoundingBox) ---
l. 332 --- needs --- task4/spheres_16_4.png ---
l.333 --- TeX4ht warning --- File `"task4/spheres_16_4.xbb"' not found ---
l.333 --- TeX4ht warning --- Cannot determine size of graphic in "task4/spheres
_16_4.xbb" (no BoundingBox) ---
l. 333 --- needs --- task4/spheres_16_4.png ---
l.334 --- TeX4ht warning --- File `"task4/spheres_64_4.xbb"' not found ---
l.334 --- TeX4ht warning --- Cannot determine size of graphic in "task4/spheres
_64_4.xbb" (no BoundingBox) ---
l. 334 --- needs --- task4/spheres_64_4.png ---
l.335 --- TeX4ht warning --- File `"task4/spheres_1024_4.xbb"' not found ---
l.335 --- TeX4ht warning --- Cannot determine size of graphic in "task4/spheres
_1024_4.xbb" (no BoundingBox) ---
l. 335 --- needs --- task4/spheres_1024_4.png ---
[49

]
l. 340 Writing main.idv[12] (main11x.png)
l. 341 Writing main.idv[13] (main12x.png)
l. 343 Writing main.idv[14] (main13x.png)
 [50]
l. 344 Writing main.idv[15] (main14x.png)
l. 346 Writing main.idv[16] (main15x.png)
l. 347 Writing main.idv[17] (main16x.png)
 [51] [52

]
l.352 --- TeX4ht warning --- File `"task5/bunny2048.xbb"' not found ---
l.352 --- TeX4ht warning --- Cannot determine size of graphic in "task5/bunny20
48.xbb" (no BoundingBox) ---
l. 352 --- needs --- task5/bunny2048.png ---
l.357 --- TeX4ht warning --- File `"task5/bunny2048_rate.xbb"' not found ---
l.357 --- TeX4ht warning --- Cannot determine size of graphic in "task5/bunny20
48_rate.xbb" (no BoundingBox) ---
l. 357 --- needs --- task5/bunny2048_rate.png ---
[53

] [54

] [55

]
l.366 --- TeX4ht warning --- File `"task5/spheres2048.xbb"' not found ---
l.366 --- TeX4ht warning --- Cannot determine size of graphic in "task5/spheres
2048.xbb" (no BoundingBox) ---
l. 366 --- needs --- task5/spheres2048.png ---
l.371 --- TeX4ht warning --- File `"task5/spheres2048_rate.xbb"' not found ---
l.371 --- TeX4ht warning --- Cannot determine size of graphic in "task5/spheres
2048_rate.xbb" (no BoundingBox) ---
l. 371 --- needs --- task5/spheres2048_rate.png ---
[56

] [57

] (./main.aux) ) 
Here is how much of TeX's memory you used:
 7565 strings out of 476025
 108888 string characters out of 5794042
 1869379 words of memory out of 5000000
 27854 multiletter control sequences out of 15000+600000
 518137 words of font info for 53 fonts, out of 8000000 for 9000
 1141 hyphenation exceptions out of 8191
 70i,9n,89p,1268b,516s stack positions out of 10000i,1000n,20000p,200000b,200000s

Output written on main.dvi (57 pages, 82392 bytes).
